<?xml version="1.0" encoding="UTF-8"?>
<testsuite xmlns:xsi="http://www.w3.org/2001/XMLSchema-instance" xsi:noNamespaceSchemaLocation="https://maven.apache.org/surefire/maven-surefire-plugin/xsd/surefire-test-report.xsd" version="3.0.1" name="com.ibm.security.guardium.example.report.ReportServiceGetReportsTest" time="0.139" tests="1" errors="0" skipped="0" failures="0">
  <properties>
[...]
</properties>
  <testcase name="testSdkExamples" classname="com.ibm.security.guardium.example.report.ReportServiceGetReportsTest" time="0.137">
    <system-out><![CDATA[class Reportsv3GetReportsResponse {
    inReportChildrenList: []
    reportsList: []
    reportsTags: []
}
]]></system-out>
  </testcase>
</testsuite>