<?xml version="1.0" encoding="UTF-8"?>
<testsuite xmlns:xsi="http://www.w3.org/2001/XMLSchema-instance" xsi:noNamespaceSchemaLocation="https://maven.apache.org/surefire/maven-surefire-plugin/xsd/surefire-test-report.xsd" version="3.0.1" name="com.ibm.security.guardium.example.user.JumpboxServiceGetUsersTest" time="0.4" tests="1" errors="0" skipped="0" failures="0">
  <properties>
[...]
</properties>
  <testcase name="testSdkExamples" classname="com.ibm.security.guardium.example.user.JumpboxServiceGetUsersTest" time="0.398">
    <system-out><![CDATA[class Tenantuserv3GetUsersResponse {
    users: [class Tenantuserv3User {
        activationDate: 2024-11-23T00:49:08Z
        directoryId: null
        disabled: null
        displayName: ali asghar
        distinguishedName: null
        email: asghar@ca.ibm.com
        externalId: 644001HSK1
        metadata: {has_seen_gdsc_getting_started=true}
        roles: [dspm-admin, aisec-admin, admin]
        state: ACTIVE
        uid: asghar@ca.ibm.com
        userId: usr_KI2QJVZGNQO5ZM45RVCRBL
    }, class Tenantuserv3User {
        activationDate: 2024-11-23T01:13:55Z
        directoryId: null
        disabled: null
        displayName: AFZAL CHISHTI
        distinguishedName: null
        email: Afzal.Chishti@ibm.com
        externalId: 644001J3G8
        metadata: {email=afzal.chishti@ibm.com, has_seen_gdsc_getting_started=true}
        roles: [default, aisec-user, dspm-user, security-analyst, admin, dspm-admin, aisec-admin]
        state: ACTIVE
        uid: Afzal.Chishti@ibm.com
        userId: usr_ZECDYRKZNVGTRBYVQKNPF6
    }, class Tenantuserv3User {
        activationDate: 2024-11-23T01:14:13Z
        directoryId: null
        disabled: null
        displayName: Jun Wang
        distinguishedName: null
        email: jun.wang@ibm.com
        externalId: 641003Y6FP
        metadata: {email=jun.wang@ibm.com, has_seen_gdsc_getting_started=true}
        roles: [default, aisec-user, dspm-user, security-analyst, aisec-admin, dspm-admin, admin]
        state: ACTIVE
        uid: jun.wang@ibm.com
        userId: usr_QNMZFBQNBS7EQRVJIVEZBV
    }, class Tenantuserv3User {
        activationDate: 2024-11-23T01:14:37Z
        directoryId: null
        disabled: null
        displayName: MING DONG
        distinguishedName: null
        email: dongm@us.ibm.com
        externalId: 643003CVD3
        metadata: {email=dongm@us.ibm.com, has_seen_gdsc_getting_started=true}
        roles: [default, aisec-user, dspm-user, security-analyst, admin, dspm-admin, aisec-admin]
        state: ACTIVE
        uid: dongm@us.ibm.com
        userId: usr_GCXYNF2C6XBQOWRCU697V
    }, class Tenantuserv3User {
        activationDate: 2024-11-23T01:14:53Z
        directoryId: null
        disabled: null
        displayName: a a
        distinguishedName: null
        email: null
        externalId: null
        metadata: {email=tbutovsk@us.ibm.com}
        roles: [default, aisec-user, dspm-user, security-analyst, admin, dspm-admin, aisec-admin]
        state: INVITED
        uid: tbutovsk@us.ibm.com
        userId: usr_Q9KPERNPND3EHKKYJANVUX
    }, class Tenantuserv3User {
        activationDate: 2024-11-23T01:15:09Z
        directoryId: null
        disabled: null
        displayName: HSIN-YA WANG
        distinguishedName: null
        email: timhywang@us.ibm.com
        externalId: 6430021UAK
        metadata: {email=timhywang@us.ibm.com, has_seen_gdsc_getting_started=true}
        roles: [default, aisec-user, dspm-user, security-analyst, admin, dspm-admin, aisec-admin]
        state: ACTIVE
        uid: timhywang@us.ibm.com
        userId: usr_NUFMR4I7I58MFPNHKPGSSI
    }, class Tenantuserv3User {
        activationDate: 2024-11-23T01:15:26Z
        directoryId: null
        disabled: null
        displayName: Mikhail Shpak
        distinguishedName: null
        email: Mikhail.Shpak@ibm.com
        externalId: 646001UN83
        metadata: {email=mikhail.shpak@ibm.com, has_seen_gdsc_getting_started=true}
        roles: [default, aisec-user, dspm-user, security-analyst, admin, dspm-admin, aisec-admin]
        state: ACTIVE
        uid: Mikhail.Shpak@ibm.com
        userId: usr_RXTFWCVGKUQGOJXHFQTV7V
    }, class Tenantuserv3User {
        activationDate: 2024-11-25T18:27:36Z
        directoryId: null
        disabled: null
        displayName: Joshua Liu
        distinguishedName: null
        email: joshua.liu@ibm.com
        externalId: 6430021SIX
        metadata: {email=joshua.liu@ibm.com, has_seen_gdsc_getting_started=true}
        roles: [default, aisec-user, dspm-user, security-analyst, admin]
        state: ACTIVE
        uid: joshua.liu@ibm.com
        userId: usr_YJVI8GXN4JJZS9ZGDN4JKM
    }, class Tenantuserv3User {
        activationDate: 2024-11-25T22:41:58Z
        directoryId: null
        disabled: null
        displayName: Kieran O Mahony
        distinguishedName: null
        email: Kieran.O.Mahony2@ibm.com
        externalId: 645000WJ07
        metadata: {email=kieran.o.mahony2@ibm.com, has_seen_gdsc_getting_started=true}
        roles: [default, aisec-user, dspm-user, admin]
        state: ACTIVE
        uid: Kieran.O.Mahony2@ibm.com
        userId: usr_KQU2XQOZHBPEXAGZZD2PKX
    }, class Tenantuserv3User {
        activationDate: 2024-11-25T22:42:29Z
        directoryId: null
        disabled: null
        displayName: Lamya Abaline
        distinguishedName: null
        email: Lamya.Abaline@ibm.com
        externalId: 654000D963
        metadata: {email=lamya.abaline@ibm.com, has_seen_gdsc_getting_started=true}
        roles: [default, aisec-user, dspm-user, security-analyst, admin]
        state: ACTIVE
        uid: Lamya.Abaline@ibm.com
        userId: usr_R3MGXABTS9CYOVC3LMMA3C
    }, class Tenantuserv3User {
        activationDate: 2024-12-02T19:20:44Z
        directoryId: null
        disabled: null
        displayName: Alex Vainchtein
        distinguishedName: null
        email: avainch@ca.ibm.com
        externalId: 641003GJWV
        metadata: {email=avainch@ca.ibm.com, has_seen_gdsc_getting_started=true}
        roles: [default, aisec-user, dspm-user, security-analyst, admin]
        state: ACTIVE
        uid: avainch@ca.ibm.com
        userId: usr_TKWQ9KGZTJB2EYAXLJHAHX
    }, class Tenantuserv3User {
        activationDate: 2024-12-02T22:40:03Z
        directoryId: null
        disabled: null
        displayName: Akarshan Mishra
        distinguishedName: null
        email: akarshan@ibm.com
        externalId: 645000T57V
        metadata: {email=akarshan@ibm.com, has_seen_gdsc_getting_started=true}
        roles: [default, aisec-user, dspm-user, security-analyst, admin]
        state: ACTIVE
        uid: akarshan@ibm.com
        userId: usr_XGNFBNZSW5VY6YDSIAMZPU
    }, class Tenantuserv3User {
        activationDate: 2024-12-03T02:54:14Z
        directoryId: null
        disabled: null
        displayName: Hadar Kornyanski
        distinguishedName: null
        email: Hadar.Kornyanski@ibm.com
        externalId: 641003GJX1
        metadata: {email=hadar.kornyanski@ibm.com, has_seen_gdsc_getting_started=true}
        roles: [default, aisec-user, dspm-user, security-analyst, admin]
        state: ACTIVE
        uid: Hadar.Kornyanski@ibm.com
        userId: usr_VSXHRUWZHWRBK3FPGBFZMJ
    }, class Tenantuserv3User {
        activationDate: 2024-12-03T13:40:30Z
        directoryId: null
        disabled: null
        displayName: Nataly Gm
        distinguishedName: null
        email: Nataliya.Geimakher@ibm.com
        externalId: 6440024606
        metadata: {email=nataliya.geimakher@ibm.com, has_seen_gdsc_getting_started=true}
        roles: [default, aisec-user, dspm-user, security-analyst, admin, auditor, compliance-officer, database-administrator]
        state: ACTIVE
        uid: Nataliya.Geimakher@ibm.com
        userId: usr_XGMVS22VUGX7QCUCWVJJ7F
    }, class Tenantuserv3User {
        activationDate: 2024-12-04T18:13:45Z
        directoryId: null
        disabled: null
        displayName: Pete Maniatis
        distinguishedName: null
        email: pamaniat@us.ibm.com
        externalId: 64600058X1
        metadata: {email=pamaniat@us.ibm.com, has_seen_gdsc_getting_started=true}
        roles: [default, aisec-user, dspm-user, security-analyst, admin]
        state: ACTIVE
        uid: pamaniat@us.ibm.com
        userId: usr_3TTUXDKKWC3GHN2UMMZFS
    }, class Tenantuserv3User {
        activationDate: 2024-12-05T15:40:29Z
        directoryId: null
        disabled: null
        displayName: Lisa Wu
        distinguishedName: null
        email: Xinyi.Wu@ibm.com
        externalId: 6430021KX1
        metadata: {email=xinyi.wu@ibm.com, has_seen_gdsc_getting_started=true}
        roles: [admin, auditor, compliance-officer, database-administrator, default, dspm-admin, security-analyst]
        state: ACTIVE
        uid: Xinyi.Wu@ibm.com
        userId: usr_KD75GKITXQ7ZIDCNP2VHZN
    }, class Tenantuserv3User {
        activationDate: 2024-12-06T14:59:46Z
        directoryId: null
        disabled: null
        displayName: Li Tan
        distinguishedName: null
        email: Li.Tan1@ibm.com
        externalId: 644002064Q
        metadata: {email=li.tan1@ibm.com, has_seen_gdsc_getting_started=true}
        roles: [default, aisec-user, dspm-user, security-analyst, super admin]
        state: ACTIVE
        uid: Li.Tan1@ibm.com
        userId: usr_JUQMGTF2UTWONOEW2SUGUD
    }, class Tenantuserv3User {
        activationDate: 2025-01-14T17:26:40Z
        directoryId: null
        disabled: null
        displayName: Nida Abbas Bandukwala
        distinguishedName: null
        email: Nida.Bandukwala@ibm.com
        externalId: 645000W6U1
        metadata: {email=nida.bandukwala@ibm.com, has_seen_gdsc_getting_started=true}
        roles: [admin, default, dspm-user]
        state: ACTIVE
        uid: Nida.Bandukwala@ibm.com
        userId: usr_JVQAYVFPFM6FBWX8LSJ6NF
    }, class Tenantuserv3User {
        activationDate: 2025-01-24T14:23:17Z
        directoryId: null
        disabled: null
        displayName: Doe Joe
        distinguishedName: null
        email: null
        externalId: null
        metadata: {email=doe_joe@ibm.com}
        roles: [admin, default]
        state: INVITED
        uid: doe_joe@ibm.com
        userId: usr_SPML9E3PWEONF3VCEOZNXK
    }, class Tenantuserv3User {
        activationDate: 2025-01-30T21:09:38Z
        directoryId: null
        disabled: null
        displayName: Jose Avila
        distinguishedName: null
        email: j.avila@ibm.com
        externalId: 64400351BO
        metadata: {email=j.avila@ibm.com, has_seen_gdsc_getting_started=true}
        roles: [default, aisec-user, dspm-user, security-analyst, admin]
        state: ACTIVE
        uid: j.avila@ibm.com
        userId: usr_DYMQEOGVPREVJWYNJZO6PM
    }, class Tenantuserv3User {
        activationDate: 2025-02-19T17:11:59Z
        directoryId: null
        disabled: null
        displayName: Abhishek Sharma
        distinguishedName: null
        email: Abhishek.Sharma14@ibm.com
        externalId: 644004DLI8
        metadata: {email=abhishek.sharma14@ibm.com, has_seen_gdsc_getting_started=true}
        roles: [default, aisec-user, dspm-user, security-analyst, admin]
        state: ACTIVE
        uid: Abhishek.Sharma14@ibm.com
        userId: usr_9UAQN3ED9RNSURMFQ5WY6Q
    }]
}
]]></system-out>
  </testcase>
</testsuite>